<?xml version="1.0" encoding="UTF-8"?>
<!-- Generated by org.testng.reporters.JUnitReportReporter -->
<testsuite hostname="MDP46RC" name="TestClass" tests="1" failures="0" timestamp="26 Nov 2018 22:51:12 GMT" time="15.534" errors="0">
  <testcase name="testprincipal" time="15.534" classname="TestClass"/>
</testsuite> <!-- TestClass -->
